[debug] [2025-06-15T16:24:16.001Z] ----------------------------------------------------------------------
[debug] [2025-06-15T16:24:16.003Z] Command:       C:\Program Files\nodejs\node.exe C:\Users\rajrp\AppData\Roaming\npm\node_modules\firebase-tools\lib\bin\firebase.js init
[debug] [2025-06-15T16:24:16.003Z] CLI Version:   14.7.0
[debug] [2025-06-15T16:24:16.003Z] Platform:      win32
[debug] [2025-06-15T16:24:16.003Z] Node Version:  v20.11.1
[debug] [2025-06-15T16:24:16.003Z] Time:          Sun Jun 15 2025 21:54:16 GMT+0530 (India Standard Time)
[debug] [2025-06-15T16:24:16.003Z] ----------------------------------------------------------------------
[debug] 
[debug] [2025-06-15T16:24:16.007Z] > command requires scopes: ["email","openid","https://www.googleapis.com/auth/cloudplatformprojects.readonly","https://www.googleapis.com/auth/firebase","https://www.googleapis.com/auth/cloud-platform"]
[debug] [2025-06-15T16:24:16.007Z] > authorizing via signed-in user (rajrph054@gmail.com)
[info] 
     ######## #### ########  ######## ########     ###     ######  ########
     ##        ##  ##     ## ##       ##     ##  ##   ##  ##       ##
     ######    ##  ########  ######   ########  #########  ######  ######
     ##        ##  ##    ##  ##       ##     ## ##     ##       ## ##
     ##       #### ##     ## ######## ########  ##     ##  ######  ########

You're about to initialize a Firebase project in this directory:

  C:\Users\rajrp\Desktop\makautQuestionPaper_bot

[debug] [2025-06-15T16:36:10.072Z] ExitPromptError: User force closed the prompt with SIGINT
    at Interface.sigint (C:\Users\rajrp\AppData\Roaming\npm\node_modules\firebase-tools\node_modules\@inquirer\core\dist\commonjs\lib\create-prompt.js:101:37)
    at Interface.emit (node:events:518:28)
    at Interface.emit (node:domain:488:12)
    at [_ttyWrite] [as _ttyWrite] (node:internal/readline/interface:1125:18)
    at ReadStream.onkeypress (node:internal/readline/interface:264:20)
    at ReadStream.emit (node:events:530:35)
    at ReadStream.emit (node:domain:488:12)
    at emitKeys (node:internal/readline/utils:371:14)
    at emitKeys.next (<anonymous>)
    at ReadStream.onData (node:internal/readline/emitKeypressEvents:64:36)
[error] 
[error] Error: An unexpected error has occurred.
